<?xml version="1.0" encoding="UTF-8"?>
<!-- Generated by org.testng.reporters.JUnitXMLReporter -->
<testsuite ignored="8" hostname="DESKTOP-HCMDDC7" failures="0" tests="5" name="Test" time="149.525" errors="0" timestamp="2023-09-18T19:13:01 BDT">
  <testcase classname="TestPages.LoginToDashbord" name="WPlogin" time="18.84"/>
  <testcase classname="TestPages.PlugInInstallDirectoryPage" name="pluginInstall" time="42.059"/>
  <testcase classname="TestPages.ValidateDarkmodeAdminDashbord" name="ValidateDarkModeDashbord" time="23.455"/>
  <testcase classname="TestPages.Switch_Accessibility_AnimationSettings" name="AllSettingsSecenario6to12" time="44.655"/>
  <testcase classname="TestPages.BackendDarkModeValidation" name="DarkModeValidationBackEnd" time="20.23"/>
  <testcase classname="Wppool.AssignmentWP.BrowserSetup" name="@BeforeSuite setBrowser" time="0.0">
    <ignored/>
  </testcase> <!-- @BeforeSuite setBrowser -->
  <testcase classname="Wppool.AssignmentWP.BrowserSetup" name="@BeforeSuite setBrowser" time="0.0">
    <ignored/>
  </testcase> <!-- @BeforeSuite setBrowser -->
  <testcase classname="Wppool.AssignmentWP.BrowserSetup" name="@BeforeSuite setBrowser" time="0.0">
    <ignored/>
  </testcase> <!-- @BeforeSuite setBrowser -->
  <testcase classname="Wppool.AssignmentWP.BrowserSetup" name="@AfterSuite quitBrowser" time="0.0">
    <ignored/>
  </testcase> <!-- @AfterSuite quitBrowser -->
  <testcase classname="Wppool.AssignmentWP.BrowserSetup" name="@AfterSuite quitBrowser" time="0.0">
    <ignored/>
  </testcase> <!-- @AfterSuite quitBrowser -->
  <testcase classname="Wppool.AssignmentWP.BrowserSetup" name="@BeforeSuite setBrowser" time="0.0">
    <ignored/>
  </testcase> <!-- @BeforeSuite setBrowser -->
  <testcase classname="Wppool.AssignmentWP.BrowserSetup" name="@AfterSuite quitBrowser" time="0.0">
    <ignored/>
  </testcase> <!-- @AfterSuite quitBrowser -->
  <testcase classname="Wppool.AssignmentWP.BrowserSetup" name="@AfterSuite quitBrowser" time="0.0">
    <ignored/>
  </testcase> <!-- @AfterSuite quitBrowser -->
</testsuite> <!-- Test -->
