<?xml version="1.0" encoding="UTF-8"?>
<testng-results ignored="8" total="13" passed="5" failed="0" skipped="0">
  <reporter-output>
  </reporter-output>
  <suite started-at="2023-09-18T19:10:32 BDT" name="Suite" finished-at="2023-09-18T19:13:01 BDT" duration-ms="149525">
    <groups>
    </groups>
    <test started-at="2023-09-18T19:10:32 BDT" name="Test" finished-at="2023-09-18T19:13:01 BDT" duration-ms="149525">
      <class name="TestPages.PlugInInstallDirectoryPage">
        <test-method signature="pluginInstall()[pri:0, instance:TestPages.PlugInInstallDirectoryPage@6e535154]" started-at="2023-09-18T19:10:51 BDT" name="pluginInstall" description="Scenario 2 &amp; 3 = WP Dark Mode Installation" finished-at="2023-09-18T19:11:33 BDT" duration-ms="42059" status="PASS">
          <reporter-output>
          </reporter-output>
        </test-method> <!-- pluginInstall -->
      </class> <!-- TestPages.PlugInInstallDirectoryPage -->
      <class name="TestPages.Switch_Accessibility_AnimationSettings">
        <test-method signature="AllSettingsSecenario6to12()[pri:0, instance:TestPages.Switch_Accessibility_AnimationSettings@4722ef0c]" started-at="2023-09-18T19:11:56 BDT" name="AllSettingsSecenario6to12" description="Secenario 6 to 11" finished-at="2023-09-18T19:12:41 BDT" duration-ms="44655" status="PASS">
          <reporter-output>
          </reporter-output>
        </test-method> <!-- AllSettingsSecenario6to12 -->
      </class> <!-- TestPages.Switch_Accessibility_AnimationSettings -->
      <class name="TestPages.BackendDarkModeValidation">
        <test-method signature="DarkModeValidationBackEnd()[pri:0, instance:TestPages.BackendDarkModeValidation@55cb6996]" started-at="2023-09-18T19:12:41 BDT" name="DarkModeValidationBackEnd" description="Dark Mode Validation" finished-at="2023-09-18T19:13:01 BDT" duration-ms="20230" status="PASS">
          <reporter-output>
          </reporter-output>
        </test-method> <!-- DarkModeValidationBackEnd -->
      </class> <!-- TestPages.BackendDarkModeValidation -->
      <class name="TestPages.ValidateDarkmodeAdminDashbord">
        <test-method signature="ValidateDarkModeDashbord()[pri:0, instance:TestPages.ValidateDarkmodeAdminDashbord@5b38c1ec]" started-at="2023-09-18T19:11:33 BDT" name="ValidateDarkModeDashbord" description="Secenario 4 &amp; 5 = Validate WP DarkMode plugin Dashbord" finished-at="2023-09-18T19:11:56 BDT" duration-ms="23455" status="PASS">
          <reporter-output>
          </reporter-output>
        </test-method> <!-- ValidateDarkModeDashbord -->
      </class> <!-- TestPages.ValidateDarkmodeAdminDashbord -->
      <class name="TestPages.LoginToDashbord">
        <test-method is-config="true" signature="setBrowser()[pri:0, instance:TestPages.LoginToDashbord@43f02ef2]" started-at="2023-09-18T19:10:13 BDT" name="setBrowser" finished-at="2023-09-18T19:10:32 BDT" duration-ms="19009" status="PASS">
          <reporter-output>
          </reporter-output>
        </test-method> <!-- setBrowser -->
        <test-method signature="WPlogin()[pri:0, instance:TestPages.LoginToDashbord@43f02ef2]" started-at="2023-09-18T19:10:32 BDT" name="WPlogin" description="Secenario 1 = Before WP DarkMode plugin Dashbord looks like" finished-at="2023-09-18T19:10:51 BDT" duration-ms="18840" status="PASS">
          <reporter-output>
          </reporter-output>
        </test-method> <!-- WPlogin -->
        <test-method is-config="true" signature="quitBrowser()[pri:0, instance:TestPages.LoginToDashbord@43f02ef2]" started-at="2023-09-18T19:13:01 BDT" name="quitBrowser" finished-at="2023-09-18T19:13:04 BDT" duration-ms="2159" status="PASS">
          <reporter-output>
          </reporter-output>
        </test-method> <!-- quitBrowser -->
      </class> <!-- TestPages.LoginToDashbord -->
    </test> <!-- Test -->
  </suite> <!-- Suite -->
</testng-results>
